"Dstat 0.7.2 CSV output"
"Author:","Dag Wieers <dag@wieers.com>",,,,"URL:","http://dag.wieers.com/home-made/dstat/"
"Host:","jmue-VirtualBox",,,,"User:","jmue"
"Cmdline:","dstat --epoch --mem --swap --sys --page --cpu -C total,0,1 --net -N total,eth0 --disk --io -D total,sda --nocolor --output kmeans_5M_prep.log 1",,,,"Date:","15 Jul 2015 21:10:36 CEST"

"epoch","memory usage",,,,"swap",,"system",,"paging",,"total cpu usage",,,,,,"cpu0 usage",,,,,,"cpu1 usage",,,,,,"net/total",,"net/eth0",,"dsk/total",,"dsk/sda",,"io/total",,"io/sda",
"epoch","used","buff","cach","free","used","free","int","csw","in","out","usr","sys","idl","wai","hiq","siq","usr","sys","idl","wai","hiq","siq","usr","sys","idl","wai","hiq","siq","recv","send","recv","send","read","writ","read","writ","read","writ","read","writ"
1436987436.492,1258663936.0,40128512.0,470007808.0,2378235904.0,0.0,2145382400.0,337.356,670.687,0.0,0.0,27.615,6.730,65.397,0.099,0.002,0.157,28.633,7.139,63.819,0.170,0.004,0.234,26.666,6.349,66.868,0.033,0.0,0.084,0.0,0.0,0.0,0.0,390467.546,6498.621,390467.546,6498.621,5.374,0.547,5.374,0.547
1436987437.493,1280311296.0,40136704.0,470265856.0,2356322304.0,0.0,2145382400.0,1093.0,1441.0,0.0,0.0,58.947,26.316,14.211,0.526,0.0,0.0,56.250,30.208,13.542,0.0,0.0,0.0,61.290,21.505,16.129,1.075,0.0,0.0,0.0,0.0,0.0,0.0,53248.0,40960.0,53248.0,40960.0,7.0,3.0,7.0,3.0
1436987438.495,1304850432.0,40136704.0,472526848.0,2329522176.0,0.0,2145382400.0,431.0,806.0,0.0,0.0,36.782,20.115,43.103,0.0,0.0,0.0,41.463,30.488,28.049,0.0,0.0,0.0,32.609,10.870,56.522,0.0,0.0,0.0,0.0,0.0,0.0,0.0,0.0,0.0,0.0,0.0,0.0,0.0,0.0,0.0
1436987439.497,1338589184.0,40136704.0,474730496.0,2293579776.0,0.0,2145382400.0,419.0,801.0,0.0,0.0,29.189,23.243,47.568,0.0,0.0,0.0,52.688,43.011,4.301,0.0,0.0,0.0,6.452,4.301,89.247,0.0,0.0,0.0,0.0,0.0,0.0,0.0,0.0,0.0,0.0,0.0,0.0,0.0,0.0,0.0
1436987440.498,1365925888.0,40136704.0,477233152.0,2263740416.0,0.0,2145382400.0,385.0,820.0,0.0,0.0,24.706,23.529,51.765,0.0,0.0,0.0,51.316,48.684,0.0,0.0,0.0,0.0,3.158,4.211,92.632,0.0,0.0,0.0,0.0,0.0,0.0,0.0,0.0,0.0,0.0,0.0,0.0,0.0,0.0,0.0
1436987441.495,1405554688.0,40144896.0,480268288.0,2221068288.0,0.0,2145382400.0,384.0,729.0,0.0,0.0,27.586,27.586,44.828,0.0,0.0,0.0,20.455,44.318,35.227,0.0,0.0,0.0,34.118,8.235,56.471,0.0,0.0,1.176,0.0,0.0,0.0,0.0,0.0,131072.0,0.0,131072.0,0.0,5.0,0.0,5.0
1436987442.496,1404207104.0,40144896.0,484417536.0,2218266624.0,0.0,2145382400.0,436.0,845.0,0.0,0.0,40.0,11.429,47.429,0.0,0.0,1.143,80.0,13.750,3.750,0.0,0.0,2.500,7.368,9.474,83.158,0.0,0.0,0.0,0.0,0.0,0.0,0.0,0.0,12738560.0,0.0,12738560.0,0.0,48.0,0.0,48.0
1436987443.494,1403654144.0,40144896.0,488812544.0,2214424576.0,0.0,2145382400.0,403.0,818.0,0.0,0.0,44.509,6.936,48.555,0.0,0.0,0.0,75.904,8.434,15.663,0.0,0.0,0.0,15.385,5.495,79.121,0.0,0.0,0.0,0.0,0.0,0.0,0.0,0.0,0.0,0.0,0.0,0.0,0.0,0.0,0.0
1436987444.496,1403863040.0,40144896.0,493445120.0,2209583104.0,0.0,2145382400.0,382.0,796.0,0.0,0.0,43.373,5.422,51.205,0.0,0.0,0.0,61.333,8.0,30.667,0.0,0.0,0.0,28.090,3.371,68.539,0.0,0.0,0.0,0.0,0.0,0.0,0.0,0.0,0.0,0.0,0.0,0.0,0.0,0.0,0.0
1436987445.497,1403564032.0,40144896.0,497942528.0,2205384704.0,0.0,2145382400.0,338.0,768.0,0.0,0.0,43.046,9.934,47.020,0.0,0.0,0.0,10.811,5.405,83.784,0.0,0.0,0.0,74.359,14.103,11.538,0.0,0.0,0.0,0.0,0.0,0.0,0.0,0.0,0.0,0.0,0.0,0.0,0.0,0.0,0.0
1436987446.494,1403080704.0,40153088.0,502489088.0,2201313280.0,0.0,2145382400.0,424.0,852.0,0.0,0.0,43.030,8.485,46.667,1.212,0.0,0.606,65.333,10.667,24.0,0.0,0.0,0.0,23.596,7.865,66.292,2.247,0.0,0.0,0.0,0.0,0.0,0.0,0.0,69632.0,0.0,69632.0,0.0,4.0,0.0,4.0
1436987447.505,1403346944.0,40153088.0,506732544.0,2196803584.0,0.0,2145382400.0,461.0,798.0,0.0,0.0,41.477,9.659,46.591,0.0,0.0,2.273,71.250,10.0,12.500,0.0,0.0,6.250,16.667,8.333,75.0,0.0,0.0,0.0,0.0,0.0,0.0,0.0,0.0,22470656.0,0.0,22470656.0,0.0,44.0,0.0,44.0
1436987448.507,1403355136.0,40153088.0,511311872.0,2192216064.0,0.0,2145382400.0,386.0,768.0,0.0,0.0,41.143,8.571,50.286,0.0,0.0,0.0,59.524,11.905,28.571,0.0,0.0,0.0,23.656,6.452,69.892,0.0,0.0,0.0,0.0,0.0,0.0,0.0,0.0,0.0,0.0,0.0,0.0,0.0,0.0,0.0
1436987449.492,1403535360.0,40153088.0,515837952.0,2187509760.0,0.0,2145382400.0,350.0,809.0,0.0,0.0,36.0,9.333,54.667,0.0,0.0,0.0,50.820,16.393,32.787,0.0,0.0,0.0,27.273,3.409,69.318,0.0,0.0,0.0,0.0,0.0,0.0,0.0,0.0,0.0,0.0,0.0,0.0,0.0,0.0,0.0
1436987450.493,1403719680.0,40153088.0,520241152.0,2182922240.0,0.0,2145382400.0,411.0,764.0,0.0,0.0,41.212,10.303,48.485,0.0,0.0,0.0,49.333,8.0,42.667,0.0,0.0,0.0,34.066,12.088,53.846,0.0,0.0,0.0,0.0,0.0,0.0,0.0,0.0,0.0,0.0,0.0,0.0,0.0,0.0,0.0
1436987451.496,1403854848.0,40161280.0,524931072.0,2178088960.0,0.0,2145382400.0,395.0,826.0,0.0,0.0,34.194,10.323,54.839,0.0,0.0,0.645,54.839,17.742,27.419,0.0,0.0,0.0,20.879,5.495,73.626,0.0,0.0,0.0,0.0,0.0,0.0,0.0,0.0,36864.0,0.0,36864.0,0.0,3.0,0.0,3.0
1436987452.494,1405542400.0,40161280.0,528826368.0,2172506112.0,0.0,2145382400.0,512.0,897.0,0.0,0.0,42.105,23.977,32.164,0.0,0.0,1.754,55.556,11.111,28.395,0.0,0.0,4.938,29.670,35.165,35.165,0.0,0.0,0.0,0.0,0.0,0.0,0.0,0.0,22831104.0,0.0,22831104.0,0.0,51.0,0.0,51.0
1436987453.495,1255821312.0,40169472.0,532180992.0,2318864384.0,0.0,2145382400.0,584.0,1094.0,0.0,0.0,47.753,28.652,22.472,1.124,0.0,0.0,71.264,13.793,14.943,0.0,0.0,0.0,24.176,43.956,29.670,2.198,0.0,0.0,0.0,0.0,0.0,0.0,8192.0,4329472.0,8192.0,4329472.0,2.0,10.0,2.0,10.0
1436987454.495,1265008640.0,40169472.0,532279296.0,2309578752.0,0.0,2145382400.0,812.0,1234.0,0.0,0.0,26.425,41.451,31.088,0.518,0.0,0.518,38.298,44.681,17.021,0.0,0.0,0.0,15.625,38.542,45.833,0.0,0.0,0.0,0.0,0.0,0.0,0.0,24576.0,0.0,24576.0,0.0,3.0,0.0,3.0,0.0
1436987455.492,1287581696.0,40169472.0,532434944.0,2286850048.0,0.0,2145382400.0,763.0,1203.0,0.0,0.0,47.668,13.990,38.342,0.0,0.0,0.0,78.351,16.495,5.155,0.0,0.0,0.0,17.172,12.121,70.707,0.0,0.0,0.0,0.0,0.0,0.0,0.0,102400.0,0.0,102400.0,0.0,3.0,0.0,3.0,0.0
1436987456.493,1302446080.0,40177664.0,532426752.0,2271985664.0,0.0,2145382400.0,758.0,1052.0,0.0,0.0,46.629,26.404,26.966,0.0,0.0,0.0,49.398,25.301,25.301,0.0,0.0,0.0,44.565,27.174,28.261,0.0,0.0,0.0,156.0,81.0,156.0,81.0,73728.0,110592.0,73728.0,110592.0,4.0,5.0,4.0,5.0
1436987457.499,1319501824.0,40177664.0,532512768.0,2254843904.0,0.0,2145382400.0,868.0,1134.0,0.0,0.0,65.482,15.228,19.289,0.0,0.0,0.0,71.0,16.0,13.0,0.0,0.0,0.0,59.794,14.433,25.773,0.0,0.0,0.0,0.0,0.0,0.0,0.0,0.0,0.0,0.0,0.0,0.0,0.0,0.0,0.0
1436987458.493,1330196480.0,40177664.0,534327296.0,2242334720.0,0.0,2145382400.0,1245.0,1742.0,0.0,0.0,58.289,19.251,16.043,4.278,0.0,2.139,70.213,13.830,8.511,3.191,0.0,4.255,45.745,24.468,23.404,5.319,0.0,1.064,0.0,0.0,0.0,0.0,1806336.0,0.0,1806336.0,0.0,162.0,0.0,162.0,0.0
1436987459.496,1356914688.0,40177664.0,534478848.0,2215464960.0,0.0,2145382400.0,670.0,1191.0,0.0,0.0,49.746,10.152,39.594,0.0,0.0,0.508,53.125,11.458,35.417,0.0,0.0,0.0,47.059,9.804,43.137,0.0,0.0,0.0,0.0,0.0,0.0,0.0,159744.0,0.0,159744.0,0.0,12.0,0.0,12.0,0.0
1436987460.495,1366757376.0,40177664.0,534781952.0,2205319168.0,0.0,2145382400.0,971.0,1650.0,0.0,0.0,63.684,6.842,29.474,0.0,0.0,0.0,58.333,5.208,35.417,0.0,0.0,1.042,68.421,8.421,23.158,0.0,0.0,0.0,0.0,0.0,0.0,0.0,344064.0,0.0,344064.0,0.0,17.0,0.0,17.0,0.0
1436987461.497,1373802496.0,40189952.0,535257088.0,2197786624.0,0.0,2145382400.0,1283.0,2447.0,0.0,0.0,63.731,13.990,21.244,1.036,0.0,0.0,65.657,18.182,15.152,1.010,0.0,0.0,60.638,9.574,28.723,1.064,0.0,0.0,60.0,42.0,60.0,42.0,442368.0,110592.0,442368.0,110592.0,43.0,7.0,43.0,7.0
1436987462.493,1376317440.0,40198144.0,536551424.0,2193969152.0,0.0,2145382400.0,810.0,1830.0,0.0,0.0,71.839,20.115,8.046,0.0,0.0,0.0,74.157,21.348,4.494,0.0,0.0,0.0,69.412,18.824,11.765,0.0,0.0,0.0,0.0,0.0,0.0,0.0,16384.0,0.0,16384.0,0.0,3.0,0.0,3.0,0.0
1436987463.503,1443389440.0,40198144.0,536522752.0,2126925824.0,0.0,2145382400.0,1711.0,814.0,0.0,0.0,59.893,37.433,2.674,0.0,0.0,0.0,58.427,37.079,4.494,0.0,0.0,0.0,62.500,37.500,0.0,0.0,0.0,0.0,0.0,0.0,0.0,0.0,0.0,0.0,0.0,0.0,0.0,0.0,0.0,0.0
1436987464.493,1461719040.0,40198144.0,558366720.0,2086752256.0,0.0,2145382400.0,1225.0,1308.0,0.0,0.0,41.530,30.055,27.869,0.0,0.0,0.546,61.111,31.111,7.778,0.0,0.0,0.0,23.158,29.474,47.368,0.0,0.0,0.0,0.0,0.0,0.0,0.0,0.0,0.0,0.0,0.0,0.0,0.0,0.0,0.0
1436987465.494,1461870592.0,40198144.0,577683456.0,2067283968.0,0.0,2145382400.0,931.0,1679.0,0.0,0.0,30.857,40.571,28.571,0.0,0.0,0.0,33.696,60.870,5.435,0.0,0.0,0.0,27.160,18.519,54.321,0.0,0.0,0.0,0.0,0.0,0.0,0.0,0.0,0.0,0.0,0.0,0.0,0.0,0.0,0.0
1436987466.494,1462628352.0,40198144.0,605806592.0,2038403072.0,0.0,2145382400.0,1003.0,1761.0,0.0,0.0,25.714,40.571,33.714,0.0,0.0,0.0,18.293,9.756,71.951,0.0,0.0,0.0,31.915,67.021,1.064,0.0,0.0,0.0,0.0,0.0,0.0,0.0,0.0,0.0,0.0,0.0,0.0,0.0,0.0,0.0
1436987467.497,1464283136.0,40206336.0,631296000.0,2011250688.0,0.0,2145382400.0,1015.0,1834.0,0.0,0.0,26.519,37.017,33.149,0.0,0.0,3.315,37.778,40.0,15.556,0.0,0.0,6.667,15.556,34.444,50.0,0.0,0.0,0.0,0.0,0.0,0.0,0.0,0.0,30896128.0,0.0,30896128.0,0.0,71.0,0.0,71.0
1436987468.493,1464262656.0,40206336.0,649342976.0,1993224192.0,0.0,2145382400.0,1003.0,1550.0,0.0,0.0,33.149,33.702,30.387,0.0,0.0,2.762,38.947,49.474,6.316,0.0,0.0,5.263,27.273,15.909,56.818,0.0,0.0,0.0,0.0,0.0,0.0,0.0,0.0,50315264.0,0.0,50315264.0,0.0,116.0,0.0,116.0
1436987469.494,1464680448.0,40206336.0,673734656.0,1968414720.0,0.0,2145382400.0,970.0,1753.0,0.0,0.0,28.108,38.378,32.973,0.0,0.0,0.541,31.250,51.042,16.667,0.0,0.0,1.042,25.0,25.0,50.0,0.0,0.0,0.0,0.0,0.0,0.0,0.0,0.0,5767168.0,0.0,5767168.0,0.0,11.0,0.0,11.0
1436987470.494,1465638912.0,40206336.0,700514304.0,1940676608.0,0.0,2145382400.0,993.0,1862.0,0.0,0.0,29.379,38.983,31.638,0.0,0.0,0.0,31.765,31.765,36.471,0.0,0.0,0.0,27.174,45.652,27.174,0.0,0.0,0.0,0.0,0.0,0.0,0.0,0.0,0.0,0.0,0.0,0.0,0.0,0.0,0.0
1436987471.494,1466241024.0,40206336.0,720031744.0,1920557056.0,0.0,2145382400.0,862.0,1831.0,0.0,0.0,36.872,40.782,22.346,0.0,0.0,0.0,35.0,21.250,43.750,0.0,0.0,0.0,38.144,56.701,5.155,0.0,0.0,0.0,0.0,0.0,0.0,0.0,0.0,0.0,0.0,0.0,0.0,0.0,0.0,0.0
1436987472.496,1468289024.0,40218624.0,740106240.0,1898422272.0,0.0,2145382400.0,915.0,1592.0,0.0,0.0,29.834,34.254,29.834,3.315,0.0,2.762,27.473,35.165,30.769,1.099,0.0,5.495,31.522,33.696,28.261,6.522,0.0,0.0,0.0,0.0,0.0,0.0,0.0,18640896.0,0.0,18640896.0,0.0,41.0,0.0,41.0
1436987473.494,1467801600.0,40218624.0,740179968.0,1898835968.0,0.0,2145382400.0,764.0,1237.0,0.0,0.0,24.0,29.143,17.714,25.143,0.0,4.0,27.711,28.916,25.301,9.639,0.0,8.434,21.739,28.261,10.870,39.130,0.0,0.0,0.0,0.0,0.0,0.0,4096.0,76759040.0,4096.0,76759040.0,1.0,148.0,1.0,148.0
1436987474.493,1468497920.0,40218624.0,764420096.0,1873899520.0,0.0,2145382400.0,801.0,1383.0,0.0,0.0,34.737,50.526,12.632,0.0,0.0,2.105,35.789,42.105,17.895,0.0,0.0,4.211,34.021,57.732,8.247,0.0,0.0,0.0,0.0,0.0,0.0,0.0,0.0,21622784.0,0.0,21622784.0,0.0,42.0,0.0,42.0
1436987475.501,1469276160.0,40218624.0,766603264.0,1870938112.0,0.0,2145382400.0,790.0,1937.0,0.0,0.0,72.316,24.859,2.825,0.0,0.0,0.0,72.414,24.138,3.448,0.0,0.0,0.0,73.034,25.843,1.124,0.0,0.0,0.0,0.0,0.0,0.0,0.0,0.0,0.0,0.0,0.0,0.0,0.0,0.0,0.0
1436987476.496,1470062592.0,40218624.0,766603264.0,1870151680.0,0.0,2145382400.0,696.0,1532.0,0.0,0.0,75.0,22.283,2.717,0.0,0.0,0.0,63.043,35.870,1.087,0.0,0.0,0.0,86.813,8.791,4.396,0.0,0.0,0.0,0.0,0.0,0.0,0.0,0.0,0.0,0.0,0.0,0.0,0.0,0.0,0.0
1436987477.497,1470062592.0,40226816.0,766595072.0,1870151680.0,0.0,2145382400.0,632.0,3088.0,0.0,0.0,51.397,42.458,5.028,0.559,0.0,0.559,44.444,50.0,3.333,1.111,0.0,1.111,58.242,35.165,6.593,0.0,0.0,0.0,0.0,0.0,0.0,0.0,0.0,77824.0,0.0,77824.0,0.0,9.0,0.0,9.0
1436987478.493,1470046208.0,40226816.0,766603264.0,1870159872.0,0.0,2145382400.0,628.0,3237.0,0.0,0.0,46.409,45.856,7.735,0.0,0.0,0.0,36.264,56.044,7.692,0.0,0.0,0.0,56.667,35.556,7.778,0.0,0.0,0.0,0.0,0.0,0.0,0.0,0.0,0.0,0.0,0.0,0.0,0.0,0.0,0.0
1436987479.493,1470046208.0,40226816.0,766603264.0,1870159872.0,0.0,2145382400.0,657.0,2706.0,0.0,0.0,57.297,37.297,5.405,0.0,0.0,0.0,40.0,50.0,10.0,0.0,0.0,0.0,74.194,24.731,1.075,0.0,0.0,0.0,90.0,90.0,90.0,90.0,0.0,0.0,0.0,0.0,0.0,0.0,0.0,0.0
1436987480.494,1470046208.0,40226816.0,766603264.0,1870159872.0,0.0,2145382400.0,571.0,2586.0,0.0,0.0,57.738,34.524,7.738,0.0,0.0,0.0,48.780,43.902,7.317,0.0,0.0,0.0,65.517,25.287,9.195,0.0,0.0,0.0,0.0,0.0,0.0,0.0,0.0,0.0,0.0,0.0,0.0,0.0,0.0,0.0
1436987481.511,1470652416.0,40226816.0,781004800.0,1855152128.0,0.0,2145382400.0,658.0,3959.0,0.0,0.0,56.425,40.782,2.793,0.0,0.0,0.0,43.820,51.685,4.494,0.0,0.0,0.0,68.889,31.111,0.0,0.0,0.0,0.0,0.0,0.0,0.0,0.0,0.0,0.0,0.0,0.0,0.0,0.0,0.0,0.0
1436987482.493,1471373312.0,40226816.0,809562112.0,1825873920.0,0.0,2145382400.0,660.0,5115.0,0.0,0.0,42.135,52.247,5.056,0.0,0.0,0.562,39.326,50.562,8.989,0.0,0.0,1.124,45.455,53.409,1.136,0.0,0.0,0.0,90.0,90.0,90.0,90.0,0.0,0.0,0.0,0.0,0.0,0.0,0.0,0.0
1436987483.511,1471983616.0,40235008.0,824442880.0,1810374656.0,0.0,2145382400.0,814.0,4523.0,0.0,0.0,51.323,42.857,2.116,0.0,0.0,3.704,50.0,39.583,3.125,0.0,0.0,7.292,52.632,45.263,2.105,0.0,0.0,0.0,90.0,90.0,90.0,90.0,0.0,43200512.0,0.0,43200512.0,0.0,91.0,0.0,91.0
1436987484.501,1472765952.0,40235008.0,863272960.0,1770762240.0,0.0,2145382400.0,811.0,6935.0,0.0,0.0,43.094,49.171,4.972,1.105,0.0,1.657,44.944,44.944,4.494,2.247,0.0,3.371,41.758,53.846,4.396,0.0,0.0,0.0,0.0,0.0,0.0,0.0,0.0,32174080.0,0.0,32174080.0,0.0,69.0,0.0,69.0
1436987485.494,1473290240.0,40235008.0,882278400.0,1751232512.0,0.0,2145382400.0,695.0,5258.0,0.0,0.0,38.710,55.376,5.914,0.0,0.0,0.0,36.559,58.065,5.376,0.0,0.0,0.0,40.217,53.261,6.522,0.0,0.0,0.0,0.0,0.0,0.0,0.0,0.0,0.0,0.0,0.0,0.0,0.0,0.0,0.0
1436987486.496,1472581632.0,40235008.0,806522880.0,1827696640.0,0.0,2145382400.0,1709.0,3346.0,0.0,0.0,45.562,24.852,28.994,0.0,0.0,0.592,36.585,28.049,35.366,0.0,0.0,0.0,54.545,21.591,22.727,0.0,0.0,1.136,0.0,0.0,0.0,0.0,0.0,0.0,0.0,0.0,0.0,0.0,0.0,0.0
1436987487.493,1472430080.0,40235008.0,806666240.0,1827704832.0,0.0,2145382400.0,764.0,1639.0,0.0,0.0,54.706,15.294,30.0,0.0,0.0,0.0,62.651,24.096,13.253,0.0,0.0,0.0,45.455,7.955,46.591,0.0,0.0,0.0,90.0,90.0,90.0,90.0,0.0,0.0,0.0,0.0,0.0,0.0,0.0,0.0
1436987488.495,1473253376.0,40247296.0,806653952.0,1826881536.0,0.0,2145382400.0,528.0,908.0,0.0,0.0,38.312,9.091,28.571,22.727,0.0,1.299,15.789,5.263,53.947,21.053,0.0,3.947,61.538,11.538,2.564,24.359,0.0,0.0,60.0,42.0,60.0,42.0,4096.0,56369152.0,4096.0,56369152.0,1.0,115.0,1.0,115.0
1436987489.494,1472798720.0,40247296.0,806674432.0,1827315712.0,0.0,2145382400.0,515.0,942.0,0.0,0.0,53.416,8.075,37.267,0.0,0.0,1.242,15.584,9.091,72.727,0.0,0.0,2.597,87.952,7.229,4.819,0.0,0.0,0.0,0.0,0.0,0.0,0.0,0.0,40992768.0,0.0,40992768.0,0.0,79.0,0.0,79.0
1436987490.493,1470074880.0,40247296.0,651636736.0,1985077248.0,0.0,2145382400.0,558.0,1300.0,0.0,0.0,62.338,12.987,24.675,0.0,0.0,0.0,56.579,19.737,23.684,0.0,0.0,0.0,67.500,6.250,26.250,0.0,0.0,0.0,0.0,0.0,0.0,0.0,0.0,0.0,0.0,0.0,0.0,0.0,0.0,0.0
1436987491.496,1470296064.0,40247296.0,651587584.0,1984905216.0,0.0,2145382400.0,622.0,2373.0,0.0,0.0,80.337,14.045,5.618,0.0,0.0,0.0,70.787,24.719,4.494,0.0,0.0,0.0,88.889,4.444,6.667,0.0,0.0,0.0,0.0,0.0,0.0,0.0,0.0,0.0,0.0,0.0,0.0,0.0,0.0,0.0
1436987492.515,1470296064.0,40247296.0,651587584.0,1984905216.0,0.0,2145382400.0,557.0,2901.0,0.0,0.0,67.081,26.708,6.211,0.0,0.0,0.0,57.143,38.095,4.762,0.0,0.0,0.0,80.0,13.333,6.667,0.0,0.0,0.0,90.0,90.0,90.0,90.0,0.0,0.0,0.0,0.0,0.0,0.0,0.0,0.0
1436987493.508,1470296064.0,40247296.0,651587584.0,1984905216.0,0.0,2145382400.0,514.0,2759.0,0.0,0.0,67.500,23.125,8.125,0.0,0.0,1.250,56.977,33.721,9.302,0.0,0.0,0.0,80.822,10.959,6.849,0.0,0.0,1.370,0.0,0.0,0.0,0.0,0.0,0.0,0.0,0.0,0.0,0.0,0.0,0.0
1436987494.509,1470545920.0,40255488.0,651587584.0,1984647168.0,0.0,2145382400.0,529.0,2611.0,0.0,0.0,65.089,32.544,2.367,0.0,0.0,0.0,54.118,42.353,3.529,0.0,0.0,0.0,75.904,22.892,1.205,0.0,0.0,0.0,0.0,0.0,0.0,0.0,0.0,81920.0,0.0,81920.0,0.0,7.0,0.0,7.0
1436987495.495,1470410752.0,40255488.0,651587584.0,1984782336.0,0.0,2145382400.0,661.0,2642.0,0.0,0.0,54.645,45.355,0.0,0.0,0.0,0.0,53.488,46.512,0.0,0.0,0.0,0.0,55.208,44.792,0.0,0.0,0.0,0.0,0.0,0.0,0.0,0.0,0.0,0.0,0.0,0.0,0.0,0.0,0.0,0.0
1436987496.494,1470386176.0,40255488.0,678821888.0,1957572608.0,0.0,2145382400.0,571.0,4941.0,0.0,0.0,57.485,35.329,7.186,0.0,0.0,0.0,42.169,45.783,10.843,0.0,0.0,1.205,71.264,25.287,3.448,0.0,0.0,0.0,0.0,0.0,0.0,0.0,0.0,0.0,0.0,0.0,0.0,0.0,0.0,0.0
1436987497.494,1470595072.0,40255488.0,709341184.0,1926844416.0,0.0,2145382400.0,692.0,5786.0,0.0,0.0,55.056,42.697,2.247,0.0,0.0,0.0,56.627,40.964,2.410,0.0,0.0,0.0,53.191,44.681,2.128,0.0,0.0,0.0,0.0,0.0,0.0,0.0,0.0,0.0,0.0,0.0,0.0,0.0,0.0,0.0
1436987498.493,1470787584.0,40255488.0,723369984.0,1912623104.0,0.0,2145382400.0,585.0,2870.0,0.0,0.0,67.073,25.610,7.317,0.0,0.0,0.0,65.333,32.0,2.667,0.0,0.0,0.0,68.539,20.225,11.236,0.0,0.0,0.0,0.0,0.0,0.0,0.0,0.0,0.0,0.0,0.0,0.0,0.0,0.0,0.0
1436987499.499,1470738432.0,40263680.0,767217664.0,1868816384.0,0.0,2145382400.0,764.0,8429.0,0.0,0.0,38.043,57.609,4.348,0.0,0.0,0.0,18.085,76.596,5.319,0.0,0.0,0.0,58.242,37.363,4.396,0.0,0.0,0.0,0.0,0.0,0.0,0.0,0.0,36864.0,0.0,36864.0,0.0,3.0,0.0,3.0
1436987500.495,1471627264.0,40263680.0,806580224.0,1828564992.0,0.0,2145382400.0,1775.0,3418.0,0.0,0.0,33.533,32.934,33.533,0.0,0.0,0.0,44.304,29.114,26.582,0.0,0.0,0.0,24.419,36.047,39.535,0.0,0.0,0.0,0.0,0.0,0.0,0.0,0.0,0.0,0.0,0.0,0.0,0.0,0.0,0.0
1436987501.494,1471516672.0,40263680.0,806682624.0,1828573184.0,0.0,2145382400.0,542.0,1216.0,0.0,0.0,50.340,10.884,38.776,0.0,0.0,0.0,19.444,6.944,73.611,0.0,0.0,0.0,79.221,15.584,5.195,0.0,0.0,0.0,0.0,0.0,0.0,0.0,0.0,0.0,0.0,0.0,0.0,0.0,0.0,0.0
1436987502.493,1471516672.0,40263680.0,806682624.0,1828573184.0,0.0,2145382400.0,464.0,997.0,0.0,0.0,45.283,5.031,49.686,0.0,0.0,0.0,81.538,4.615,13.846,0.0,0.0,0.0,20.213,5.319,74.468,0.0,0.0,0.0,0.0,0.0,0.0,0.0,0.0,0.0,0.0,0.0,0.0,0.0,0.0,0.0
1436987503.494,1472503808.0,40263680.0,806682624.0,1827586048.0,0.0,2145382400.0,599.0,1009.0,0.0,0.0,43.750,11.932,34.659,3.977,0.0,5.682,79.747,6.329,2.532,0.0,0.0,11.392,14.433,16.495,61.856,7.216,0.0,0.0,0.0,0.0,0.0,0.0,0.0,46874624.0,0.0,46874624.0,0.0,94.0,0.0,94.0
1436987504.495,1472077824.0,40267776.0,806682624.0,1828007936.0,0.0,2145382400.0,785.0,1368.0,0.0,0.0,14.607,3.933,47.191,34.270,0.0,0.0,24.419,3.488,31.395,39.535,0.0,1.163,4.396,4.396,61.538,29.670,0.0,0.0,0.0,0.0,0.0,0.0,0.0,52486144.0,0.0,52486144.0,0.0,102.0,0.0,102.0
1436987505.494,1470652416.0,40271872.0,651595776.0,1984516096.0,0.0,2145382400.0,697.0,2666.0,0.0,0.0,49.133,20.809,17.919,12.139,0.0,0.0,50.0,14.103,11.538,24.359,0.0,0.0,48.421,26.316,23.158,2.105,0.0,0.0,0.0,0.0,0.0,0.0,0.0,16420864.0,0.0,16420864.0,0.0,33.0,0.0,33.0
1436987506.494,1470652416.0,40271872.0,651595776.0,1984516096.0,0.0,2145382400.0,554.0,2546.0,0.0,0.0,64.815,25.926,9.259,0.0,0.0,0.0,58.228,30.380,11.392,0.0,0.0,0.0,71.084,21.687,7.229,0.0,0.0,0.0,0.0,0.0,0.0,0.0,0.0,0.0,0.0,0.0,0.0,0.0,0.0,0.0
1436987507.511,1470525440.0,40271872.0,651595776.0,1984643072.0,0.0,2145382400.0,501.0,2314.0,0.0,0.0,73.913,19.255,6.832,0.0,0.0,0.0,71.250,22.500,6.250,0.0,0.0,0.0,75.904,15.663,8.434,0.0,0.0,0.0,0.0,0.0,0.0,0.0,0.0,0.0,0.0,0.0,0.0,0.0,0.0,0.0
1436987508.494,1470525440.0,40271872.0,651595776.0,1984643072.0,0.0,2145382400.0,466.0,3381.0,0.0,0.0,62.745,29.412,7.190,0.0,0.0,0.654,73.770,14.754,11.475,0.0,0.0,0.0,56.180,39.326,3.371,0.0,0.0,1.124,0.0,0.0,0.0,0.0,0.0,24576.0,0.0,24576.0,0.0,5.0,0.0,5.0
1436987509.493,1470554112.0,40280064.0,673398784.0,1962803200.0,0.0,2145382400.0,585.0,4273.0,0.0,0.0,62.805,30.488,6.707,0.0,0.0,0.0,74.324,21.622,4.054,0.0,0.0,0.0,52.688,38.710,8.602,0.0,0.0,0.0,0.0,0.0,0.0,0.0,0.0,57344.0,0.0,57344.0,0.0,4.0,0.0,4.0
1436987510.494,1470623744.0,40280064.0,709390336.0,1926742016.0,0.0,2145382400.0,638.0,7339.0,0.0,0.0,44.828,52.874,2.299,0.0,0.0,0.0,55.556,40.741,3.704,0.0,0.0,0.0,35.165,62.637,2.198,0.0,0.0,0.0,0.0,0.0,0.0,0.0,0.0,0.0,0.0,0.0,0.0,0.0,0.0,0.0
1436987511.520,1470062592.0,40280064.0,756170752.0,1880522752.0,0.0,2145382400.0,606.0,8026.0,0.0,0.0,52.874,42.529,4.598,0.0,0.0,0.0,35.227,60.227,4.545,0.0,0.0,0.0,70.455,25.0,4.545,0.0,0.0,0.0,0.0,0.0,0.0,0.0,0.0,0.0,0.0,0.0,0.0,0.0,0.0,0.0
1436987512.493,1470140416.0,40280064.0,767266816.0,1869348864.0,0.0,2145382400.0,676.0,3528.0,0.0,0.0,56.024,25.904,18.072,0.0,0.0,0.0,59.756,34.146,6.098,0.0,0.0,0.0,53.012,18.072,28.916,0.0,0.0,0.0,0.0,0.0,0.0,0.0,0.0,0.0,0.0,0.0,0.0,0.0,0.0,0.0
1436987513.500,1471164416.0,40284160.0,806686720.0,1828900864.0,0.0,2145382400.0,2029.0,3804.0,0.0,0.0,28.235,33.529,36.471,0.0,0.0,1.765,37.037,32.099,27.160,0.0,0.0,3.704,20.225,34.831,44.944,0.0,0.0,0.0,0.0,0.0,0.0,0.0,0.0,12111872.0,0.0,12111872.0,0.0,28.0,0.0,28.0
1436987514.494,1471365120.0,40288256.0,806686720.0,1828696064.0,0.0,2145382400.0,707.0,1034.0,0.0,0.0,50.588,5.294,14.706,24.118,0.0,5.294,51.282,5.128,10.256,21.795,0.0,11.538,50.0,4.444,18.889,26.667,0.0,0.0,0.0,0.0,0.0,0.0,0.0,73101312.0,0.0,73101312.0,0.0,142.0,0.0,142.0
1436987515.495,1472036864.0,40292352.0,806690816.0,1828016128.0,0.0,2145382400.0,704.0,1247.0,0.0,0.0,52.973,18.378,9.189,17.838,0.0,1.622,62.921,29.213,4.494,0.0,0.0,3.371,42.857,9.184,14.286,33.673,0.0,0.0,0.0,0.0,0.0,0.0,0.0,30576640.0,0.0,30576640.0,0.0,60.0,0.0,60.0
1436987516.494,1471348736.0,40292352.0,806690816.0,1828704256.0,0.0,2145382400.0,522.0,1089.0,0.0,0.0,53.416,24.224,21.739,0.0,0.0,0.621,27.160,35.802,37.037,0.0,0.0,0.0,82.278,11.392,6.329,0.0,0.0,0.0,0.0,0.0,0.0,0.0,0.0,0.0,0.0,0.0,0.0,0.0,0.0,0.0
1436987517.495,1470328832.0,40292352.0,651599872.0,1984815104.0,0.0,2145382400.0,571.0,2525.0,0.0,0.0,66.463,23.780,9.756,0.0,0.0,0.0,44.828,39.080,16.092,0.0,0.0,0.0,90.909,7.792,1.299,0.0,0.0,0.0,0.0,0.0,0.0,0.0,0.0,0.0,0.0,0.0,0.0,0.0,0.0,0.0
1436987518.495,1470328832.0,40292352.0,651599872.0,1984815104.0,0.0,2145382400.0,578.0,2759.0,0.0,0.0,68.790,25.478,5.732,0.0,0.0,0.0,67.143,21.429,11.429,0.0,0.0,0.0,71.264,27.586,1.149,0.0,0.0,0.0,0.0,0.0,0.0,0.0,0.0,0.0,0.0,0.0,0.0,0.0,0.0,0.0
1436987519.496,1470201856.0,40292352.0,651599872.0,1984942080.0,0.0,2145382400.0,501.0,2232.0,0.0,0.0,72.840,17.284,9.877,0.0,0.0,0.0,77.143,8.571,14.286,0.0,0.0,0.0,68.817,23.656,6.452,0.0,0.0,1.075,0.0,0.0,0.0,0.0,0.0,16384.0,0.0,16384.0,0.0,4.0,0.0,4.0
1436987520.501,1470193664.0,40300544.0,651599872.0,1984942080.0,0.0,2145382400.0,613.0,3304.0,0.0,0.0,65.854,27.439,6.098,0.610,0.0,0.0,71.795,21.795,5.128,1.282,0.0,0.0,59.302,33.721,6.977,0.0,0.0,0.0,0.0,0.0,0.0,0.0,0.0,57344.0,0.0,57344.0,0.0,4.0,0.0,4.0
1436987521.494,1469739008.0,40300544.0,692686848.0,1944309760.0,0.0,2145382400.0,596.0,6943.0,0.0,0.0,56.024,37.952,6.024,0.0,0.0,0.0,39.286,52.381,8.333,0.0,0.0,0.0,74.074,22.222,3.704,0.0,0.0,0.0,0.0,0.0,0.0,0.0,0.0,0.0,0.0,0.0,0.0,0.0,0.0,0.0
1436987522.494,1469722624.0,40300544.0,709464064.0,1927548928.0,0.0,2145382400.0,557.0,5251.0,0.0,0.0,60.494,34.568,4.938,0.0,0.0,0.0,56.944,30.556,12.500,0.0,0.0,0.0,62.637,37.363,0.0,0.0,0.0,0.0,0.0,0.0,0.0,0.0,0.0,0.0,0.0,0.0,0.0,0.0,0.0,0.0
1436987523.494,1469706240.0,40300544.0,758366208.0,1878663168.0,0.0,2145382400.0,574.0,8669.0,0.0,0.0,50.282,45.198,3.955,0.0,0.0,0.565,42.529,56.322,0.0,0.0,0.0,1.149,58.427,34.831,6.742,0.0,0.0,0.0,0.0,0.0,0.0,0.0,0.0,0.0,0.0,0.0,0.0,0.0,0.0,0.0
1436987524.494,1469943808.0,40300544.0,767270912.0,1869520896.0,0.0,2145382400.0,575.0,3756.0,0.0,0.0,51.899,30.380,17.722,0.0,0.0,0.0,47.500,46.250,6.250,0.0,0.0,0.0,55.696,15.190,29.114,0.0,0.0,0.0,0.0,0.0,0.0,0.0,0.0,0.0,0.0,0.0,0.0,0.0,0.0,0.0
1436987525.493,1470951424.0,40300544.0,806690816.0,1829093376.0,0.0,2145382400.0,1998.0,4319.0,0.0,0.0,28.313,31.325,40.361,0.0,0.0,0.0,37.500,20.833,41.667,0.0,0.0,0.0,21.277,39.362,39.362,0.0,0.0,0.0,0.0,0.0,0.0,0.0,0.0,0.0,0.0,0.0,0.0,0.0,0.0,0.0
1436987526.496,1470943232.0,40308736.0,806690816.0,1829093376.0,0.0,2145382400.0,502.0,1014.0,0.0,0.0,46.707,4.790,47.305,0.599,0.0,0.599,90.411,2.740,6.849,0.0,0.0,0.0,12.766,6.383,79.787,1.064,0.0,0.0,0.0,0.0,0.0,0.0,0.0,40960.0,0.0,40960.0,0.0,4.0,0.0,4.0
1436987527.494,1470943232.0,40308736.0,806690816.0,1829093376.0,0.0,2145382400.0,463.0,1005.0,0.0,0.0,45.963,6.211,47.826,0.0,0.0,0.0,83.562,8.219,8.219,0.0,0.0,0.0,15.730,4.494,79.775,0.0,0.0,0.0,0.0,0.0,0.0,0.0,0.0,0.0,0.0,0.0,0.0,0.0,0.0,0.0
1436987528.500,1470275584.0,40308736.0,651653120.0,1984798720.0,0.0,2145382400.0,564.0,1557.0,0.0,0.0,52.273,13.636,34.091,0.0,0.0,0.0,83.133,16.867,0.0,0.0,0.0,0.0,23.913,10.870,65.217,0.0,0.0,0.0,0.0,0.0,0.0,0.0,0.0,0.0,0.0,0.0,0.0,0.0,0.0,0.0
1436987529.495,1470316544.0,40308736.0,651603968.0,1984806912.0,0.0,2145382400.0,502.0,3023.0,0.0,0.0,68.153,24.204,7.643,0.0,0.0,0.0,60.241,34.940,4.819,0.0,0.0,0.0,77.027,12.162,10.811,0.0,0.0,0.0,0.0,0.0,0.0,0.0,0.0,0.0,0.0,0.0,0.0,0.0,0.0,0.0
1436987530.494,1479962624.0,40308736.0,651608064.0,1975156736.0,0.0,2145382400.0,539.0,3059.0,0.0,0.0,68.047,24.852,7.101,0.0,0.0,0.0,58.427,37.079,4.494,0.0,0.0,0.0,79.747,11.392,8.861,0.0,0.0,0.0,0.0,0.0,0.0,0.0,0.0,0.0,0.0,0.0,0.0,0.0,0.0,0.0
1436987531.507,1479962624.0,40308736.0,651608064.0,1975156736.0,0.0,2145382400.0,534.0,1623.0,0.0,0.0,76.331,17.751,5.917,0.0,0.0,0.0,84.211,6.579,9.211,0.0,0.0,0.0,70.968,25.806,3.226,0.0,0.0,0.0,0.0,0.0,0.0,0.0,0.0,0.0,0.0,0.0,0.0,0.0,0.0,0.0
1436987532.495,1480032256.0,40316928.0,651911168.0,1974775808.0,0.0,2145382400.0,534.0,3120.0,0.0,0.0,68.519,24.691,6.173,0.0,0.0,0.617,78.082,12.329,8.219,0.0,0.0,1.370,59.341,35.165,5.495,0.0,0.0,0.0,0.0,0.0,0.0,0.0,0.0,49152.0,0.0,49152.0,0.0,4.0,0.0,4.0
1436987533.496,1480151040.0,40316928.0,709439488.0,1917128704.0,0.0,2145382400.0,685.0,9283.0,0.0,0.0,36.957,59.239,3.804,0.0,0.0,0.0,41.758,52.747,5.495,0.0,0.0,0.0,32.609,66.304,1.087,0.0,0.0,0.0,0.0,0.0,0.0,0.0,0.0,0.0,0.0,0.0,0.0,0.0,0.0,0.0
1436987534.493,1480146944.0,40316928.0,709443584.0,1917128704.0,0.0,2145382400.0,554.0,3237.0,0.0,0.0,69.412,25.294,5.294,0.0,0.0,0.0,51.648,41.758,6.593,0.0,0.0,0.0,90.909,5.195,3.896,0.0,0.0,0.0,0.0,0.0,0.0,0.0,0.0,0.0,0.0,0.0,0.0,0.0,0.0,0.0
1436987535.494,1480208384.0,40316928.0,743538688.0,1882972160.0,0.0,2145382400.0,589.0,5851.0,0.0,0.0,50.857,42.286,6.857,0.0,0.0,0.0,37.209,50.0,12.791,0.0,0.0,0.0,63.333,35.556,1.111,0.0,0.0,0.0,0.0,0.0,0.0,0.0,0.0,0.0,0.0,0.0,0.0,0.0,0.0,0.0
1436987536.493,1481310208.0,40316928.0,774856704.0,1850552320.0,0.0,2145382400.0,752.0,5860.0,0.0,0.0,39.130,49.457,11.413,0.0,0.0,0.0,40.449,56.180,3.371,0.0,0.0,0.0,37.500,42.708,19.792,0.0,0.0,0.0,0.0,0.0,0.0,0.0,0.0,0.0,0.0,0.0,0.0,0.0,0.0,0.0
1436987537.498,1481670656.0,40325120.0,806703104.0,1818337280.0,0.0,2145382400.0,914.0,5100.0,0.0,0.0,31.319,50.0,18.132,0.0,0.0,0.549,20.225,50.562,29.213,0.0,0.0,0.0,42.391,48.913,7.609,0.0,0.0,1.087,0.0,0.0,0.0,0.0,0.0,32768.0,0.0,32768.0,0.0,2.0,0.0,2.0
1436987538.495,1481793536.0,40325120.0,806699008.0,1818218496.0,0.0,2145382400.0,466.0,942.0,0.0,0.0,52.469,7.407,40.123,0.0,0.0,0.0,54.667,8.0,37.333,0.0,0.0,0.0,50.0,6.818,42.045,0.0,0.0,1.136,0.0,0.0,0.0,0.0,0.0,0.0,0.0,0.0,0.0,0.0,0.0,0.0
1436987539.493,1481920512.0,40337408.0,806686720.0,1818091520.0,0.0,2145382400.0,562.0,889.0,0.0,0.0,54.268,9.756,29.268,0.0,0.0,6.707,16.667,12.821,56.410,0.0,0.0,14.103,87.356,8.046,4.598,0.0,0.0,0.0,0.0,0.0,0.0,0.0,8192.0,48447488.0,8192.0,48447488.0,2.0,97.0,2.0,97.0
1436987540.501,1480749056.0,40337408.0,651677696.0,1974272000.0,0.0,2145382400.0,488.0,994.0,0.0,0.0,50.909,12.121,36.364,0.0,0.0,0.606,54.795,10.959,34.247,0.0,0.0,0.0,48.352,13.187,38.462,0.0,0.0,0.0,0.0,0.0,0.0,0.0,0.0,9437184.0,0.0,9437184.0,0.0,18.0,0.0,18.0
1436987541.495,1480769536.0,40337408.0,651624448.0,1974304768.0,0.0,2145382400.0,513.0,2846.0,0.0,0.0,66.871,23.313,9.816,0.0,0.0,0.0,57.471,39.080,3.448,0.0,0.0,0.0,78.378,5.405,16.216,0.0,0.0,0.0,0.0,0.0,0.0,0.0,0.0,0.0,0.0,0.0,0.0,0.0,0.0,0.0
1436987542.494,1480888320.0,40345600.0,651624448.0,1974177792.0,0.0,2145382400.0,573.0,2992.0,0.0,0.0,66.265,25.301,7.831,0.0,0.0,0.602,79.730,10.811,8.108,0.0,0.0,1.351,55.319,36.170,8.511,0.0,0.0,0.0,0.0,0.0,0.0,0.0,0.0,77824.0,0.0,77824.0,0.0,4.0,0.0,4.0
1436987543.511,1480888320.0,40345600.0,651624448.0,1974177792.0,0.0,2145382400.0,442.0,1064.0,0.0,0.0,76.543,16.667,6.790,0.0,0.0,0.0,83.562,13.699,2.740,0.0,0.0,0.0,71.264,19.540,9.195,0.0,0.0,0.0,0.0,0.0,0.0,0.0,0.0,0.0,0.0,0.0,0.0,0.0,0.0,0.0
1436987544.497,1480843264.0,40345600.0,652685312.0,1973161984.0,0.0,2145382400.0,474.0,2123.0,0.0,0.0,70.701,22.293,7.006,0.0,0.0,0.0,64.198,29.630,6.173,0.0,0.0,0.0,77.922,14.286,7.792,0.0,0.0,0.0,0.0,0.0,0.0,0.0,0.0,57344.0,0.0,57344.0,0.0,12.0,0.0,12.0
1436987545.496,1480777728.0,40345600.0,693256192.0,1932656640.0,0.0,2145382400.0,576.0,6564.0,0.0,0.0,54.070,39.535,6.395,0.0,0.0,0.0,71.250,26.250,2.500,0.0,0.0,0.0,39.130,50.0,10.870,0.0,0.0,0.0,0.0,0.0,0.0,0.0,0.0,0.0,0.0,0.0,0.0,0.0,0.0,0.0
1436987546.493,1480417280.0,40345600.0,709615616.0,1916657664.0,0.0,2145382400.0,519.0,3405.0,0.0,0.0,67.586,28.276,4.138,0.0,0.0,0.0,57.576,37.879,4.545,0.0,0.0,0.0,74.684,21.519,2.532,0.0,0.0,1.266,90.0,90.0,90.0,90.0,0.0,0.0,0.0,0.0,0.0,0.0,0.0,0.0
1436987547.493,1480425472.0,40345600.0,756588544.0,1869676544.0,0.0,2145382400.0,976.0,6524.0,0.0,0.0,46.857,48.0,5.143,0.0,0.0,0.0,40.860,54.839,4.301,0.0,0.0,0.0,54.762,38.095,7.143,0.0,0.0,0.0,0.0,0.0,0.0,0.0,0.0,0.0,0.0,0.0,0.0,0.0,0.0,0.0
1436987548.496,1481768960.0,40353792.0,806703104.0,1818210304.0,0.0,2145382400.0,1801.0,4647.0,0.0,0.0,37.126,34.132,28.144,0.0,0.0,0.599,30.769,26.923,41.026,0.0,0.0,1.282,42.697,41.573,15.730,0.0,0.0,0.0,0.0,0.0,0.0,0.0,0.0,40960.0,0.0,40960.0,0.0,3.0,0.0,3.0
1436987549.495,1482645504.0,40353792.0,806719488.0,1817317376.0,0.0,2145382400.0,777.0,1406.0,0.0,0.0,42.604,17.751,32.544,6.509,0.0,0.592,52.632,18.421,14.474,14.474,0.0,0.0,34.783,16.304,47.826,0.0,0.0,1.087,90.0,90.0,90.0,90.0,0.0,35168256.0,0.0,35168256.0,0.0,72.0,0.0,72.0
1436987550.497,1482129408.0,40353792.0,806719488.0,1817833472.0,0.0,2145382400.0,684.0,1006.0,0.0,0.0,52.047,5.848,37.427,0.585,0.0,4.094,50.649,7.792,32.468,0.0,0.0,9.091,53.191,5.319,41.489,0.0,0.0,0.0,90.0,90.0,90.0,90.0,0.0,80543744.0,0.0,80543744.0,0.0,155.0,0.0,155.0
1436987551.496,1482047488.0,40353792.0,806719488.0,1817915392.0,0.0,2145382400.0,433.0,945.0,0.0,0.0,49.342,5.263,44.737,0.0,0.0,0.658,57.143,5.714,37.143,0.0,0.0,0.0,43.210,4.938,51.852,0.0,0.0,0.0,60.0,42.0,60.0,42.0,0.0,0.0,0.0,0.0,0.0,0.0,0.0,0.0
1436987552.493,1481048064.0,40353792.0,651632640.0,1974001664.0,0.0,2145382400.0,565.0,2342.0,0.0,0.0,57.317,23.171,19.512,0.0,0.0,0.0,61.446,33.735,4.819,0.0,0.0,0.0,51.220,12.195,35.366,0.0,0.0,1.220,90.0,90.0,90.0,90.0,0.0,0.0,0.0,0.0,0.0,0.0,0.0,0.0
1436987553.493,1481056256.0,40361984.0,651624448.0,1973993472.0,0.0,2145382400.0,549.0,2652.0,0.0,0.0,70.988,19.753,9.259,0.0,0.0,0.0,58.025,32.099,9.877,0.0,0.0,0.0,84.146,7.317,8.537,0.0,0.0,0.0,0.0,0.0,0.0,0.0,0.0,69632.0,0.0,69632.0,0.0,4.0,0.0,4.0
1436987554.500,1480921088.0,40361984.0,651632640.0,1974120448.0,0.0,2145382400.0,591.0,3174.0,0.0,0.0,67.901,24.691,7.407,0.0,0.0,0.0,56.471,34.118,9.412,0.0,0.0,0.0,81.579,13.158,5.263,0.0,0.0,0.0,0.0,0.0,0.0,0.0,0.0,0.0,0.0,0.0,0.0,0.0,0.0,0.0
1436987555.516,1480921088.0,40361984.0,651632640.0,1974120448.0,0.0,2145382400.0,527.0,2993.0,0.0,0.0,69.375,25.625,4.375,0.0,0.0,0.625,67.500,30.0,2.500,0.0,0.0,0.0,70.886,22.785,5.063,0.0,0.0,1.266,0.0,0.0,0.0,0.0,0.0,49152.0,0.0,49152.0,0.0,10.0,0.0,10.0
1436987556.493,1480417280.0,40361984.0,689975296.0,1936281600.0,0.0,2145382400.0,651.0,7163.0,0.0,0.0,55.294,39.412,5.294,0.0,0.0,0.0,39.080,52.874,8.046,0.0,0.0,0.0,73.494,24.096,2.410,0.0,0.0,0.0,90.0,90.0,90.0,90.0,0.0,0.0,0.0,0.0,0.0,0.0,0.0,0.0
1436987557.493,1481547776.0,40361984.0,709468160.0,1915658240.0,0.0,2145382400.0,725.0,5116.0,0.0,0.0,51.934,44.199,3.867,0.0,0.0,0.0,48.958,46.875,4.167,0.0,0.0,0.0,54.118,41.176,4.706,0.0,0.0,0.0,0.0,0.0,0.0,0.0,0.0,0.0,0.0,0.0,0.0,0.0,0.0,0.0
1436987558.496,1480892416.0,40361984.0,709468160.0,1916313600.0,0.0,2145382400.0,670.0,2888.0,0.0,0.0,53.333,43.889,2.778,0.0,0.0,0.0,48.387,48.387,3.226,0.0,0.0,0.0,58.621,40.230,1.149,0.0,0.0,0.0,0.0,0.0,0.0,0.0,0.0,0.0,0.0,0.0,0.0,0.0,0.0,0.0
1436987559.507,1481097216.0,40370176.0,767217664.0,1858351104.0,0.0,2145382400.0,682.0,9781.0,0.0,0.0,43.094,54.144,2.210,0.0,0.0,0.552,23.529,71.765,3.529,0.0,0.0,1.176,60.417,37.500,2.083,0.0,0.0,0.0,0.0,0.0,0.0,0.0,0.0,36864.0,0.0,36864.0,0.0,3.0,0.0,3.0
1436987560.493,1481814016.0,40370176.0,805650432.0,1819201536.0,0.0,2145382400.0,1724.0,3504.0,0.0,0.0,43.787,23.077,33.136,0.0,0.0,0.0,57.143,14.286,28.571,0.0,0.0,0.0,32.609,30.435,36.957,0.0,0.0,0.0,0.0,0.0,0.0,0.0,0.0,0.0,0.0,0.0,0.0,0.0,0.0,0.0
1436987561.499,1481740288.0,40370176.0,806723584.0,1818202112.0,0.0,2145382400.0,758.0,1502.0,0.0,0.0,38.037,15.951,46.012,0.0,0.0,0.0,63.380,28.169,8.451,0.0,0.0,0.0,18.280,7.527,74.194,0.0,0.0,0.0,0.0,0.0,0.0,0.0,0.0,0.0,0.0,0.0,0.0,0.0,0.0,0.0
1436987562.501,1481736192.0,40370176.0,806727680.0,1818202112.0,0.0,2145382400.0,467.0,995.0,0.0,0.0,45.562,5.325,49.112,0.0,0.0,0.0,91.892,5.405,2.703,0.0,0.0,0.0,9.677,4.301,86.022,0.0,0.0,0.0,0.0,0.0,0.0,0.0,0.0,0.0,0.0,0.0,0.0,0.0,0.0,0.0
1436987563.497,1481736192.0,40370176.0,806727680.0,1818202112.0,0.0,2145382400.0,450.0,1000.0,0.0,0.0,44.444,4.938,50.617,0.0,0.0,0.0,84.722,6.944,8.333,0.0,0.0,0.0,11.111,3.333,85.556,0.0,0.0,0.0,0.0,0.0,0.0,0.0,0.0,0.0,0.0,0.0,0.0,0.0,0.0,0.0
1436987564.497,1480732672.0,40378368.0,651636736.0,1974288384.0,0.0,2145382400.0,550.0,2726.0,0.0,0.0,60.119,23.214,16.667,0.0,0.0,0.0,55.556,33.333,11.111,0.0,0.0,0.0,66.667,11.538,21.795,0.0,0.0,0.0,0.0,0.0,0.0,0.0,0.0,36864.0,0.0,36864.0,0.0,3.0,0.0,3.0
1436987565.496,1480732672.0,40378368.0,651636736.0,1974288384.0,0.0,2145382400.0,540.0,2565.0,0.0,0.0,73.585,18.239,7.547,0.0,0.0,0.629,65.882,24.706,9.412,0.0,0.0,0.0,82.192,10.959,6.849,0.0,0.0,0.0,0.0,0.0,0.0,0.0,0.0,0.0,0.0,0.0,0.0,0.0,0.0,0.0
1436987566.497,1480732672.0,40378368.0,651636736.0,1974288384.0,0.0,2145382400.0,495.0,2058.0,0.0,0.0,72.050,18.012,9.938,0.0,0.0,0.0,68.235,27.059,4.706,0.0,0.0,0.0,76.623,7.792,15.584,0.0,0.0,0.0,0.0,0.0,0.0,0.0,0.0,0.0,0.0,0.0,0.0,0.0,0.0,0.0
1436987567.494,1480732672.0,40378368.0,651636736.0,1974288384.0,0.0,2145382400.0,528.0,3359.0,0.0,0.0,65.244,29.878,4.878,0.0,0.0,0.0,51.613,45.161,3.226,0.0,0.0,0.0,82.857,11.429,5.714,0.0,0.0,0.0,0.0,0.0,0.0,0.0,0.0,0.0,0.0,0.0,0.0,0.0,0.0,0.0
1436987568.493,1480179712.0,40378368.0,685203456.0,1941274624.0,0.0,2145382400.0,622.0,7166.0,0.0,0.0,52.047,43.860,4.094,0.0,0.0,0.0,39.286,57.143,3.571,0.0,0.0,0.0,64.368,29.885,5.747,0.0,0.0,0.0,0.0,0.0,0.0,0.0,0.0,0.0,0.0,0.0,0.0,0.0,0.0,0.0
1436987569.495,1480220672.0,40386560.0,709406720.0,1917022208.0,0.0,2145382400.0,649.0,5717.0,0.0,0.0,54.651,37.791,7.558,0.0,0.0,0.0,56.410,41.026,2.564,0.0,0.0,0.0,53.125,35.417,11.458,0.0,0.0,0.0,0.0,0.0,0.0,0.0,0.0,36864.0,0.0,36864.0,0.0,2.0,0.0,2.0
1436987570.493,1480613888.0,40386560.0,752312320.0,1873723392.0,0.0,2145382400.0,650.0,8028.0,0.0,0.0,49.718,49.718,0.565,0.0,0.0,0.0,46.914,51.852,1.235,0.0,0.0,0.0,52.632,47.368,0.0,0.0,0.0,0.0,0.0,0.0,0.0,0.0,0.0,0.0,0.0,0.0,0.0,0.0,0.0,0.0
1436987571.497,1480728576.0,40386560.0,767307776.0,1858613248.0,0.0,2145382400.0,663.0,4071.0,0.0,0.0,53.448,31.609,14.943,0.0,0.0,0.0,35.632,41.379,22.989,0.0,0.0,0.0,70.455,22.727,6.818,0.0,0.0,0.0,0.0,0.0,0.0,0.0,0.0,0.0,0.0,0.0,0.0,0.0,0.0,0.0
1436987572.500,1481179136.0,40386560.0,806776832.0,1818693632.0,0.0,2145382400.0,1971.0,3784.0,0.0,0.0,29.651,30.814,38.953,0.0,0.0,0.581,26.506,40.964,31.325,0.0,0.0,1.205,32.184,20.690,47.126,0.0,0.0,0.0,0.0,0.0,0.0,0.0,0.0,0.0,0.0,0.0,0.0,0.0,0.0,0.0
1436987573.497,1481220096.0,40386560.0,806727680.0,1818701824.0,0.0,2145382400.0,431.0,952.0,0.0,0.0,51.592,5.732,42.675,0.0,0.0,0.0,43.662,7.042,49.296,0.0,0.0,0.0,57.955,5.682,35.227,0.0,0.0,1.136,0.0,0.0,0.0,0.0,0.0,0.0,0.0,0.0,0.0,0.0,0.0,0.0
1436987574.496,1481220096.0,40394752.0,806719488.0,1818701824.0,0.0,2145382400.0,496.0,1027.0,0.0,0.0,48.851,4.598,45.402,0.575,0.0,0.575,92.683,6.098,0.0,0.0,0.0,1.220,8.791,3.297,86.813,1.099,0.0,0.0,0.0,0.0,0.0,0.0,0.0,32768.0,0.0,32768.0,0.0,2.0,0.0,2.0
1436987575.493,1481035776.0,40394752.0,709431296.0,1916174336.0,0.0,2145382400.0,756.0,1039.0,0.0,0.0,48.333,11.667,22.778,10.556,0.0,6.667,61.628,6.977,18.605,0.0,0.0,12.791,36.559,16.129,26.882,20.430,0.0,0.0,0.0,0.0,0.0,0.0,0.0,94048256.0,0.0,94048256.0,0.0,185.0,0.0,185.0
1436987576.501,1481166848.0,40394752.0,651640832.0,1973833728.0,0.0,2145382400.0,560.0,1348.0,0.0,0.0,73.457,10.494,15.432,0.0,0.0,0.617,77.632,9.211,10.526,0.0,0.0,2.632,68.966,10.345,20.690,0.0,0.0,0.0,0.0,0.0,0.0,0.0,0.0,21659648.0,0.0,21659648.0,0.0,42.0,0.0,42.0
1436987577.499,1481166848.0,40394752.0,651640832.0,1973833728.0,0.0,2145382400.0,519.0,2576.0,0.0,0.0,72.455,20.359,6.587,0.0,0.0,0.599,75.0,18.421,6.579,0.0,0.0,0.0,71.111,22.222,6.667,0.0,0.0,0.0,0.0,0.0,0.0,0.0,0.0,0.0,0.0,0.0,0.0,0.0,0.0,0.0
1436987578.493,1481191424.0,40394752.0,651644928.0,1973805056.0,0.0,2145382400.0,621.0,2977.0,0.0,0.0,64.162,32.948,2.890,0.0,0.0,0.0,81.250,18.750,0.0,0.0,0.0,0.0,50.0,44.681,5.319,0.0,0.0,0.0,0.0,0.0,0.0,0.0,0.0,0.0,0.0,0.0,0.0,0.0,0.0,0.0
1436987579.493,1481076736.0,40394752.0,651644928.0,1973919744.0,0.0,2145382400.0,646.0,2719.0,0.0,0.0,51.053,47.368,1.579,0.0,0.0,0.0,44.330,55.670,0.0,0.0,0.0,0.0,56.989,39.785,3.226,0.0,0.0,0.0,0.0,0.0,0.0,0.0,0.0,0.0,0.0,0.0,0.0,0.0,0.0,0.0
1436987580.493,1480994816.0,40402944.0,669216768.0,1956421632.0,0.0,2145382400.0,698.0,4964.0,0.0,0.0,60.714,34.524,4.167,0.595,0.0,0.0,60.0,36.471,2.353,0.0,0.0,1.176,61.176,31.765,4.706,2.353,0.0,0.0,0.0,0.0,0.0,0.0,0.0,73728.0,0.0,73728.0,0.0,4.0,0.0,4.0
1436987581.497,1480855552.0,40402944.0,709480448.0,1916297216.0,0.0,2145382400.0,725.0,6526.0,0.0,0.0,53.143,40.0,6.857,0.0,0.0,0.0,54.430,34.177,11.392,0.0,0.0,0.0,52.128,44.681,3.191,0.0,0.0,0.0,0.0,0.0,0.0,0.0,0.0,0.0,0.0,0.0,0.0,0.0,0.0,0.0
1436987582.497,1481080832.0,40402944.0,718270464.0,1907281920.0,0.0,2145382400.0,663.0,3106.0,0.0,0.0,57.988,34.911,7.101,0.0,0.0,0.0,67.500,28.750,3.750,0.0,0.0,0.0,49.451,39.560,10.989,0.0,0.0,0.0,0.0,0.0,0.0,0.0,0.0,0.0,0.0,0.0,0.0,0.0,0.0,0.0
1436987583.500,1481207808.0,40402944.0,767283200.0,1858142208.0,0.0,2145382400.0,805.0,9009.0,0.0,0.0,46.196,50.543,3.261,0.0,0.0,0.0,25.263,69.474,5.263,0.0,0.0,0.0,68.182,30.682,1.136,0.0,0.0,0.0,0.0,0.0,0.0,0.0,0.0,0.0,0.0,0.0,0.0,0.0,0.0,0.0
1436987584.494,1482326016.0,40402944.0,806567936.0,1817739264.0,0.0,2145382400.0,1823.0,3553.0,0.0,0.0,38.690,26.190,34.524,0.0,0.0,0.595,31.646,22.785,45.570,0.0,0.0,0.0,44.944,29.213,24.719,0.0,0.0,1.124,0.0,0.0,0.0,0.0,0.0,0.0,0.0,0.0,0.0,0.0,0.0,0.0
1436987585.494,1482801152.0,40407040.0,806731776.0,1817096192.0,0.0,2145382400.0,781.0,1285.0,0.0,0.0,42.424,16.364,26.061,10.303,0.0,4.848,42.857,9.091,37.662,0.0,0.0,10.390,42.529,22.989,16.092,18.391,0.0,0.0,0.0,0.0,0.0,0.0,0.0,73142272.0,0.0,73142272.0,0.0,146.0,0.0,146.0
1436987586.493,1482366976.0,40411136.0,806731776.0,1817526272.0,0.0,2145382400.0,635.0,1134.0,0.0,0.0,44.767,5.814,16.279,27.907,0.0,5.233,80.488,6.098,1.220,1.220,0.0,10.976,12.360,5.618,29.213,52.809,0.0,0.0,0.0,0.0,0.0,0.0,0.0,42635264.0,0.0,42635264.0,0.0,83.0,0.0,83.0
1436987587.495,1482330112.0,40411136.0,806735872.0,1817559040.0,0.0,2145382400.0,470.0,977.0,0.0,0.0,51.515,7.879,40.606,0.0,0.0,0.0,51.316,7.895,40.789,0.0,0.0,0.0,51.111,8.889,40.0,0.0,0.0,0.0,0.0,0.0,0.0,0.0,0.0,0.0,0.0,0.0,0.0,0.0,0.0,0.0
1436987588.496,1481330688.0,40411136.0,651649024.0,1973645312.0,0.0,2145382400.0,538.0,1889.0,0.0,0.0,67.879,15.758,15.758,0.0,0.0,0.606,60.811,14.865,24.324,0.0,0.0,0.0,74.444,15.556,8.889,0.0,0.0,1.111,0.0,0.0,0.0,0.0,0.0,0.0,0.0,0.0,0.0,0.0,0.0,0.0
1436987589.514,1481330688.0,40411136.0,651649024.0,1973645312.0,0.0,2145382400.0,609.0,2206.0,0.0,0.0,74.556,17.751,7.692,0.0,0.0,0.0,76.543,14.815,8.642,0.0,0.0,0.0,71.910,21.348,6.742,0.0,0.0,0.0,0.0,0.0,0.0,0.0,0.0,0.0,0.0,0.0,0.0,0.0,0.0,0.0
1436987590.493,1481330688.0,40411136.0,651649024.0,1973645312.0,0.0,2145382400.0,517.0,3047.0,0.0,0.0,67.901,25.309,6.790,0.0,0.0,0.0,77.143,15.714,7.143,0.0,0.0,0.0,61.538,31.868,6.593,0.0,0.0,0.0,0.0,0.0,0.0,0.0,0.0,0.0,0.0,0.0,0.0,0.0,0.0,0.0
1436987591.495,1481322496.0,40419328.0,651649024.0,1973645312.0,0.0,2145382400.0,530.0,2123.0,0.0,0.0,71.605,19.136,8.025,0.0,0.0,1.235,70.130,22.078,6.494,0.0,0.0,1.299,72.414,16.092,10.345,0.0,0.0,1.149,0.0,0.0,0.0,0.0,0.0,114688.0,0.0,114688.0,0.0,16.0,0.0,16.0
1436987592.499,1480892416.0,40419328.0,678871040.0,1946853376.0,0.0,2145382400.0,577.0,6189.0,0.0,0.0,53.448,39.655,6.897,0.0,0.0,0.0,47.191,48.315,4.494,0.0,0.0,0.0,59.524,32.143,8.333,0.0,0.0,0.0,0.0,0.0,0.0,0.0,0.0,0.0,0.0,0.0,0.0,0.0,0.0,0.0
1436987593.497,1480753152.0,40419328.0,709484544.0,1916379136.0,0.0,2145382400.0,773.0,7063.0,0.0,0.0,48.889,46.667,4.444,0.0,0.0,0.0,63.953,34.884,1.163,0.0,0.0,0.0,35.106,56.383,8.511,0.0,0.0,0.0,0.0,0.0,0.0,0.0,0.0,0.0,0.0,0.0,0.0,0.0,0.0,0.0
1436987594.493,1480716288.0,40419328.0,744947712.0,1880952832.0,0.0,2145382400.0,773.0,7074.0,0.0,0.0,48.256,45.930,5.814,0.0,0.0,0.0,54.667,38.667,6.667,0.0,0.0,0.0,43.434,51.515,5.051,0.0,0.0,0.0,0.0,0.0,0.0,0.0,0.0,0.0,0.0,0.0,0.0,0.0,0.0,0.0
1436987595.493,1480941568.0,40419328.0,767324160.0,1858351104.0,0.0,2145382400.0,818.0,5725.0,0.0,0.0,43.575,42.458,13.966,0.0,0.0,0.0,51.765,43.529,4.706,0.0,0.0,0.0,36.264,41.758,21.978,0.0,0.0,0.0,0.0,0.0,0.0,0.0,0.0,0.0,0.0,0.0,0.0,0.0,0.0,0.0
1436987596.495,1482629120.0,40423424.0,806739968.0,1817243648.0,0.0,2145382400.0,2016.0,3724.0,0.0,0.0,29.834,32.044,21.547,11.602,0.0,4.972,44.444,26.667,18.889,0.0,0.0,10.0,15.217,36.957,23.913,23.913,0.0,0.0,0.0,0.0,0.0,0.0,0.0,65806336.0,0.0,65806336.0,0.0,133.0,0.0,133.0
1436987597.499,1482072064.0,40427520.0,806744064.0,1817792512.0,0.0,2145382400.0,764.0,1316.0,0.0,0.0,46.243,5.202,28.324,17.341,0.0,2.890,82.716,8.642,2.469,0.0,0.0,6.173,15.054,3.226,50.538,31.183,0.0,0.0,0.0,0.0,0.0,0.0,0.0,49975296.0,0.0,49975296.0,0.0,96.0,0.0,96.0
1436987598.493,1482072064.0,40427520.0,806744064.0,1817792512.0,0.0,2145382400.0,427.0,984.0,0.0,0.0,43.791,4.575,51.634,0.0,0.0,0.0,88.889,4.762,6.349,0.0,0.0,0.0,11.236,4.494,84.270,0.0,0.0,0.0,0.0,0.0,0.0,0.0,0.0,0.0,0.0,0.0,0.0,0.0,0.0,0.0
1436987599.494,1481048064.0,40427520.0,651706368.0,1973854208.0,0.0,2145382400.0,569.0,1319.0,0.0,0.0,46.914,11.728,41.358,0.0,0.0,0.0,64.706,13.235,22.059,0.0,0.0,0.0,34.043,10.638,55.319,0.0,0.0,0.0,0.0,0.0,0.0,0.0,0.0,0.0,0.0,0.0,0.0,0.0,0.0,0.0
1436987600.494,1481306112.0,40427520.0,651665408.0,1973637120.0,0.0,2145382400.0,569.0,1357.0,0.0,0.0,61.310,38.690,0.0,0.0,0.0,0.0,63.415,35.366,1.220,0.0,0.0,0.0,59.302,40.698,0.0,0.0,0.0,0.0,0.0,0.0,0.0,0.0,0.0,0.0,0.0,0.0,0.0,0.0,0.0,0.0
1436987601.498,1481019392.0,40427520.0,655466496.0,1970122752.0,0.0,2145382400.0,616.0,1250.0,0.0,0.0,59.893,36.364,3.209,0.0,0.0,0.535,80.435,18.478,1.087,0.0,0.0,0.0,41.053,54.737,4.211,0.0,0.0,0.0,0.0,0.0,0.0,0.0,0.0,0.0,0.0,0.0,0.0,0.0,0.0,0.0
1436987602.494,1480757248.0,40435712.0,659320832.0,1966522368.0,0.0,2145382400.0,802.0,1420.0,0.0,0.0,50.279,34.637,15.084,0.0,0.0,0.0,31.818,61.364,6.818,0.0,0.0,0.0,68.539,7.865,23.596,0.0,0.0,0.0,0.0,0.0,0.0,0.0,0.0,102400.0,0.0,102400.0,0.0,8.0,0.0,8.0
1436987603.493,1480835072.0,40435712.0,666734592.0,1959030784.0,0.0,2145382400.0,1026.0,1772.0,0.0,0.0,43.617,35.106,21.277,0.0,0.0,0.0,26.882,64.516,8.602,0.0,0.0,0.0,60.0,6.316,33.684,0.0,0.0,0.0,0.0,0.0,0.0,0.0,0.0,0.0,0.0,0.0,0.0,0.0,0.0,0.0
1436987604.496,1480663040.0,40435712.0,672747520.0,1953189888.0,0.0,2145382400.0,914.0,1635.0,0.0,0.0,44.565,32.065,23.370,0.0,0.0,0.0,56.044,13.187,30.769,0.0,0.0,0.0,33.333,50.0,16.667,0.0,0.0,0.0,0.0,0.0,0.0,0.0,0.0,0.0,0.0,0.0,0.0,0.0,0.0,0.0
1436987605.493,1480581120.0,40435712.0,680194048.0,1945825280.0,0.0,2145382400.0,1078.0,1866.0,0.0,0.0,43.455,35.079,21.466,0.0,0.0,0.0,47.368,34.737,17.895,0.0,0.0,0.0,39.583,35.417,25.0,0.0,0.0,0.0,0.0,0.0,0.0,0.0,0.0,0.0,0.0,0.0,0.0,0.0,0.0,0.0
1436987606.500,1480650752.0,40435712.0,685965312.0,1939984384.0,0.0,2145382400.0,862.0,1564.0,0.0,0.0,47.159,27.841,25.0,0.0,0.0,0.0,40.230,45.977,13.793,0.0,0.0,0.0,53.933,10.112,35.955,0.0,0.0,0.0,0.0,0.0,0.0,0.0,0.0,0.0,0.0,0.0,0.0,0.0,0.0,0.0
1436987607.513,1480544256.0,40443904.0,693682176.0,1932365824.0,0.0,2145382400.0,1044.0,1873.0,0.0,0.0,40.761,38.043,21.196,0.0,0.0,0.0,25.806,64.516,9.677,0.0,0.0,0.0,56.667,10.0,33.333,0.0,0.0,0.0,0.0,0.0,0.0,0.0,0.0,20480.0,0.0,20480.0,0.0,3.0,0.0,3.0
1436987608.497,1480503296.0,40443904.0,700071936.0,1926017024.0,0.0,2145382400.0,891.0,1618.0,0.0,0.0,41.899,36.313,21.788,0.0,0.0,0.0,26.744,65.116,8.140,0.0,0.0,0.0,55.435,10.870,33.696,0.0,0.0,0.0,0.0,0.0,0.0,0.0,0.0,0.0,0.0,0.0,0.0,0.0,0.0,0.0
1436987609.495,1480552448.0,40443904.0,704847872.0,1921191936.0,0.0,2145382400.0,850.0,1427.0,0.0,0.0,44.444,40.0,15.556,0.0,0.0,0.0,23.913,68.478,7.609,0.0,0.0,0.0,66.292,8.989,24.719,0.0,0.0,0.0,0.0,0.0,0.0,0.0,0.0,0.0,0.0,0.0,0.0,0.0,0.0,0.0
1436987610.494,1480613888.0,40443904.0,711761920.0,1914216448.0,0.0,2145382400.0,1012.0,1851.0,0.0,0.0,43.478,35.326,21.196,0.0,0.0,0.0,43.333,40.0,16.667,0.0,0.0,0.0,43.478,31.522,25.0,0.0,0.0,0.0,0.0,0.0,0.0,0.0,0.0,0.0,0.0,0.0,0.0,0.0,0.0,0.0
1436987611.493,1477758976.0,40443904.0,603938816.0,2024894464.0,0.0,2145382400.0,645.0,1282.0,0.0,0.0,50.292,19.883,29.240,0.0,0.0,0.585,55.294,15.294,28.235,0.0,0.0,1.176,44.944,23.596,30.337,0.0,0.0,1.124,0.0,0.0,0.0,0.0,0.0,0.0,0.0,0.0,0.0,0.0,0.0,0.0
1436987612.493,1358258176.0,40452096.0,608342016.0,2139983872.0,0.0,2145382400.0,824.0,1808.0,0.0,0.0,53.261,13.587,32.065,0.0,0.0,1.087,67.059,17.647,14.118,0.0,0.0,1.176,41.837,10.204,46.939,1.020,0.0,0.0,90.0,90.0,90.0,90.0,0.0,94208.0,0.0,94208.0,0.0,8.0,0.0,8.0
